<?xml version="1.0" encoding="UTF-8"?>
<!-- Generated by org.testng.reporters.JUnitReportReporter -->
<testsuite hostname="Vishal-PC" failures="0" tests="1" name="scripts.TestCase1" time="22.707" errors="0" timestamp="2022-10-20T14:27:48 IST" skipped="0">
  <testcase classname="scripts.TestCase1" name="tc1" time="22.707"/>
  <system-out/>
</testsuite> <!-- scripts.TestCase1 -->
