<?xml version="1.0" encoding="UTF-8"?>
<!-- Generated by org.testng.reporters.JUnitReportReporter -->
<testsuite hostname="Vishal-PC" failures="0" tests="1" name="scripts.TestCase3" time="37.900" errors="0" timestamp="2022-10-21T20:59:19 IST" skipped="0">
  <testcase classname="scripts.TestCase3" name="tc3" time="37.900"/>
  <system-out/>
</testsuite> <!-- scripts.TestCase3 -->
